mktextfm Arial
mktextfm Arial
mktextfm Arial
mktextfm Arial
mktextfm Arial/B
mktextfm Arial
mktextfm Arial/I
mktextfm Arial
mktextfm Arial/BI
mktextfm Arial
mktextfm Arial
mktextfm Arial
mktextfm Arial
mktextfm Arial/B
mktextfm Arial
mktextfm Arial/I
mktextfm Arial
mktextfm Arial/BI
mktextfm Arial
mktextfm Arial
mktextfm Arial
mktextfm Arial
mktextfm Arial/B
mktextfm Arial
mktextfm Arial/I
mktextfm Arial
mktextfm Arial/BI
mktextfm arial
mktextfm arial
mktextfm arial
mktextfm arial
mktextfm arial/B
mktextfm arial
mktextfm arial/I
mktextfm arial
mktextfm arial/BI
mktextfm Times
mktextfm Times
mktextfm Times
mktextfm Times
mktextfm Times/B
mktextfm Times
mktextfm Times/I
mktextfm Times
mktextfm Times/BI
mktextfm Times
mktextfm Times
mktextfm Times
mktextfm Times
mktextfm Times/B
mktextfm Times
mktextfm Times/I
mktextfm Times
mktextfm Times/BI
mktextfm Times
mktextfm Times
mktextfm Times
mktextfm Times
mktextfm Times/B
mktextfm Times
mktextfm Times/I
mktextfm Times
mktextfm Times/BI
mktextfm Times
mktextfm Times
mktextfm Times
mktextfm Times
mktextfm Times/B
mktextfm Times
mktextfm Times/I
mktextfm Times
mktextfm Times/BI
mktextfm Times
mktextfm Times
mktextfm Times
mktextfm Times
mktextfm Times/B
mktextfm Times
mktextfm Times/I
mktextfm Times
mktextfm Times/BI
mktextfm Arial
mktextfm Arial
mktextfm Arial
mktextfm Arial
mktextfm Arial/B
mktextfm Arial
mktextfm Arial/I
mktextfm Arial
mktextfm Arial/BI
mktextfm Arial
mktextfm Arial
mktextfm Arial
mktextfm Arial
mktextfm Arial/B
mktextfm Arial
mktextfm Arial/I
mktextfm Arial
mktextfm Arial/BI
mktextfm Arial
mktextfm Arial
mktextfm Arial
mktextfm Arial
mktextfm Arial/B
mktextfm Arial
mktextfm Arial/I
mktextfm Arial
mktextfm Arial/BI
mktextfm Arial
mktextfm Arial
mktextfm Arial
mktextfm Arial
mktextfm Arial/B
mktextfm Arial
mktextfm Arial/I
mktextfm Arial
mktextfm Arial/BI
mktextfm Arial
mktextfm Arial
mktextfm Arial
mktextfm Arial
mktextfm Arial/B
mktextfm Arial
mktextfm Arial/I
mktextfm Arial
mktextfm Arial/BI
mktextfm Arial
mktextfm Arial
mktextfm Arial
mktextfm Arial
mktextfm Arial/B
mktextfm Arial
mktextfm Arial/I
mktextfm Arial
mktextfm Arial/BI
