This is pdfTeX, Version 3.1415926-1.40.10 (TeX Live 2009/Debian) (format=pdflatex 2014.2.7)  7 FEB 2014 02:12
entering extended mode
 %&-line parsing enabled.
**title.tex
(./title.tex
LaTeX2e <2009/09/24>
Babel <v3.8l> and hyphenation patterns for english, usenglishmax, dumylang, noh
yphenation, spanish, galician, catalan, loaded.

! LaTeX Error: Environment titlepage undefined.

See the LaTeX manual or LaTeX Companion for explanation.
Type  H <return>  for immediate help.
 ...                                              
                                                  
l.1 \begin{titlepage}
                     
Your command was ignored.
Type  I <command> <return>  to replace it with another command,
or  <return>  to continue without it.


! LaTeX Error: Missing \begin{document}.

See the LaTeX manual or LaTeX Companion for explanation.
Type  H <return>  for immediate help.
 ...                                              
                                                  
l.4 \begin{center}
                  
You're in trouble here.  Try typing  <return>  to proceed.
If that doesn't work, type  X <return>  to quit.


Overfull \hbox (52.30527pt too wide) in paragraph at lines 6--6
 \OT1/cmr/bx/n/10 SISTEMA 
 []


Overfull \hbox (16.37491pt too wide) in paragraph at lines 6--6
 \OT1/cmr/bx/n/10 DE 
 []


Overfull \hbox (17.19435pt too wide) in paragraph at lines 6--6
 \OT1/cmr/bx/n/10 IN- 
 []


Overfull \hbox (28.01373pt too wide) in paragraph at lines 6--6
 \OT1/cmr/bx/n/10 FOR- 
 []


Overfull \hbox (49.59695pt too wide) in paragraph at lines 6--6
 \OT1/cmr/bx/n/10 MACI[]ON 
 []


Overfull \hbox (32.91649pt too wide) in paragraph at lines 6--6
 \OT1/cmr/bx/n/10 PARA 
 []


Overfull \hbox (52.98581pt too wide) in paragraph at lines 6--6
 \OT1/cmr/bx/n/10 GESTI[]ON 
 []


Overfull \hbox (16.37491pt too wide) in paragraph at lines 6--6
 \OT1/cmr/bx/n/10 DE 
 []


Overfull \hbox (28.31929pt too wide) in paragraph at lines 6--6
 \OT1/cmr/bx/n/10 CER- 
 []


Overfull \hbox (16.19435pt too wide) in paragraph at lines 6--6
 \OT1/cmr/bx/n/10 TI- 
 []


Overfull \hbox (15.43047pt too wide) in paragraph at lines 6--6
 \OT1/cmr/bx/n/10 FI- 
 []


Overfull \hbox (20.83322pt too wide) in paragraph at lines 6--6
 \OT1/cmr/bx/n/10 CA- 
 []


Overfull \hbox (23.84709pt too wide) in paragraph at lines 6--6
 \OT1/cmr/bx/n/10 DOS 
 []


Overfull \hbox (16.55547pt too wide) in paragraph at lines 6--6
 \OT1/cmr/bx/n/10 EN 
 []


Overfull \hbox (36.52757pt too wide) in paragraph at lines 6--6
 \OT1/cmr/bx/n/10 LINEA 
 []

! Undefined control sequence.
l.7 {\large
            M\'AQUINA DE MOORE\\M\'AQUINA DE MEALEY\\M\'AQUINA DE TURING}\\[...
The control sequence at the end of the top line
of your error message was never \def'ed. If you have
misspelled it (e.g., `\hobx'), type `I' and the correct
spelling (e.g., `I\hbox'). Otherwise just continue,
and I'll forget about whatever was undefined.

Missing character: There is no M in font nullfont!
LaTeX Font Info:    Try loading font information for +cmr on input line 7.
LaTeX Font Info:    No file cmr.fd. on input line 7.

LaTeX Font Warning: Font shape `/cmr/m/n' undefined
(Font)              using `/cmr/m/n' instead on input line 7.

! Corrupted NFSS tables.
wrong@fontshape ...message {Corrupted NFSS tables}
                                                  error@fontshape else let f...
l.7 {\large M\'A
                QUINA DE MOORE\\M\'AQUINA DE MEALEY\\M\'AQUINA DE TURING}\\[...
This error message was generated by an \errmessage
command, so I can't give any explicit help.
Pretend that you're Hercule Poirot: Examine all clues,
and deduce the truth by order and method.


LaTeX Font Warning: Font shape `/cmr/m/n' undefined
(Font)              using `OT1/cmr/m/n' instead on input line 7.

Missing character: There is no Q in font nullfont!
Missing character: There is no U in font nullfont!
Missing character: There is no I in font nullfont!
Missing character: There is no N in font nullfont!
Missing character: There is no A in font nullfont!
Missing character: There is no D in font nullfont!
Missing character: There is no E in font nullfont!
Missing character: There is no M in font nullfont!
Missing character: There is no O in font nullfont!
Missing character: There is no O in font nullfont!
Missing character: There is no R in font nullfont!
Missing character: There is no E in font nullfont!

Overfull \hbox (12.50003pt too wide) in paragraph at lines 7--7
 []\/cmr/m/n/10 ^^SA 
 []

Missing character: There is no M in font nullfont!
Missing character: There is no Q in font nullfont!
Missing character: There is no U in font nullfont!
Missing character: There is no I in font nullfont!
Missing character: There is no N in font nullfont!
Missing character: There is no A in font nullfont!
Missing character: There is no D in font nullfont!
Missing character: There is no E in font nullfont!
Missing character: There is no M in font nullfont!
Missing character: There is no E in font nullfont!
Missing character: There is no A in font nullfont!
Missing character: There is no L in font nullfont!
Missing character: There is no E in font nullfont!
Missing character: There is no Y in font nullfont!

Overfull \hbox (7.50002pt too wide) in paragraph at lines 7--7
 [][]\/cmr/m/n/10 A 
 []

Missing character: There is no M in font nullfont!
Missing character: There is no Q in font nullfont!
Missing character: There is no U in font nullfont!
Missing character: There is no I in font nullfont!
Missing character: There is no N in font nullfont!
Missing character: There is no A in font nullfont!
Missing character: There is no D in font nullfont!
Missing character: There is no E in font nullfont!
Missing character: There is no T in font nullfont!
Missing character: There is no U in font nullfont!
Missing character: There is no R in font nullfont!
Missing character: There is no I in font nullfont!
Missing character: There is no N in font nullfont!
Missing character: There is no G in font nullfont!

Overfull \hbox (7.50002pt too wide) in paragraph at lines 7--7
 [][]\/cmr/m/n/10 A 
 []

! Undefined control sequence.
l.18 {\Large
             Javier Serrano Rodr\'iguez\\2013150095}
The control sequence at the end of the top line
of your error message was never \def'ed. If you have
misspelled it (e.g., `\hobx'), type `I' and the correct
spelling (e.g., `I\hbox'). Otherwise just continue,
and I'll forget about whatever was undefined.

Missing character: There is no J in font nullfont!
Missing character: There is no a in font nullfont!
Missing character: There is no v in font nullfont!
Missing character: There is no i in font nullfont!
Missing character: There is no e in font nullfont!
Missing character: There is no r in font nullfont!
Missing character: There is no S in font nullfont!
Missing character: There is no e in font nullfont!
Missing character: There is no r in font nullfont!
Missing character: There is no r in font nullfont!
Missing character: There is no a in font nullfont!
Missing character: There is no n in font nullfont!
Missing character: There is no o in font nullfont!
Missing character: There is no R in font nullfont!
Missing character: There is no o in font nullfont!
Missing character: There is no d in font nullfont!
Missing character: There is no r in font nullfont!
Missing character: There is no g in font nullfont!
Missing character: There is no u in font nullfont!
Missing character: There is no e in font nullfont!
Missing character: There is no z in font nullfont!

Overfull \hbox (2.77779pt too wide) in paragraph at lines 18--18
 []\/cmr/m/n/10 i 
 []

Missing character: There is no 2 in font nullfont!
Missing character: There is no 0 in font nullfont!
Missing character: There is no 1 in font nullfont!
Missing character: There is no 3 in font nullfont!
Missing character: There is no 1 in font nullfont!
Missing character: There is no 5 in font nullfont!
Missing character: There is no 0 in font nullfont!
Missing character: There is no 0 in font nullfont!
Missing character: There is no 9 in font nullfont!
Missing character: There is no 5 in font nullfont!
! Undefined control sequence.
l.22 \large
            \textsc{ESCUELA COLOMBIANA DE CARRERAS INDUSTRIALES\\INTELIGENCI...
The control sequence at the end of the top line
of your error message was never \def'ed. If you have
misspelled it (e.g., `\hobx'), type `I' and the correct
spelling (e.g., `I\hbox'). Otherwise just continue,
and I'll forget about whatever was undefined.


Overfull \hbox (51.91612pt too wide) in paragraph at lines 22--22
 \OT1/cmr/m/sc/10 ESCUELA 
 []


Overfull \hbox (45.24956pt too wide) in paragraph at lines 22--22
 \OT1/cmr/m/sc/10 COLOM- 
 []


Overfull \hbox (36.18018pt too wide) in paragraph at lines 22--22
 \OT1/cmr/m/sc/10 BIANA 
 []


Overfull \hbox (15.70818pt too wide) in paragraph at lines 22--22
 \OT1/cmr/m/sc/10 DE 
 []


Overfull \hbox (27.77751pt too wide) in paragraph at lines 22--22
 \OT1/cmr/m/sc/10 CAR- 
 []


Overfull \hbox (37.66628pt too wide) in paragraph at lines 22--22
 \OT1/cmr/m/sc/10 RERAS 
 []


Overfull \hbox (15.97205pt too wide) in paragraph at lines 22--22
 \OT1/cmr/m/sc/10 IN- 
 []


Overfull \hbox (26.31918pt too wide) in paragraph at lines 22--22
 \OT1/cmr/m/sc/10 DUS- 
 []


Overfull \hbox (23.6942pt too wide) in paragraph at lines 22--22
 \OT1/cmr/m/sc/10 TRI- 
 []


Overfull \hbox (28.4997pt too wide) in paragraph at lines 22--22
 \OT1/cmr/m/sc/10 ALES 
 []


Overfull \hbox (82.48523pt too wide) in paragraph at lines 22--22
 []\OT1/cmr/m/sc/10 INTELIGENCIA 
 []


Overfull \hbox (19.91647pt too wide) in paragraph at lines 22--22
 \OT1/cmr/m/sc/10 AR- 
 []


Overfull \hbox (15.69427pt too wide) in paragraph at lines 22--22
 \OT1/cmr/m/sc/10 TI- 
 []


Overfull \hbox (14.95818pt too wide) in paragraph at lines 22--22
 \OT1/cmr/m/sc/10 FI- 
 []


Overfull \hbox (26.88861pt too wide) in paragraph at lines 22--22
 \OT1/cmr/m/sc/10 CIAL 
 []


Overfull \hbox (38.87477pt too wide) in paragraph at lines 22--22
 []\OT1/cmr/m/sc/10 Bogot[]a 
 []


Overfull \hbox (22.1109pt too wide) in paragraph at lines 22--23
 []\OT1/cmr/m/sc/10 2012 
 []


! LaTeX Error: \begin{document} ended by \end{titlepage}.

See the LaTeX manual or LaTeX Companion for explanation.
Type  H <return>  for immediate help.
 ...                                              
                                                  
l.24 \end{titlepage}
                    
Your command was ignored.
Type  I <command> <return>  to replace it with another command,
or  <return>  to continue without it.

)
! Emergency stop.
<*> title.tex
             
*** (job aborted, no legal \end found)

 
Here is how much of TeX's memory you used:
 21 strings out of 494999
 262 string characters out of 1180817
 47184 words of memory out of 3000000
 3304 multiletter control sequences out of 15000+50000
 4249 words of font info for 16 fonts, out of 3000000 for 9000
 54 hyphenation exceptions out of 8191
 16i,1n,16p,128b,139s stack positions out of 5000i,500n,10000p,200000b,50000s
!  ==> Fatal error occurred, no output PDF file produced!
